<?xml version="1.0" encoding="UTF-8"?>
<!-- Generated by org.testng.reporters.JUnitReportReporter -->
<testsuite hostname="DESKTOP-QSD88I6" failures="0" tests="1" name="testBase.BaseClass" time="4.863" errors="0" timestamp="2023-12-10T14:03:50 IST" skipped="0">
  <testcase classname="testBase.BaseClass" name="setup" time="4.863"/>
  <system-out/>
</testsuite> <!-- testBase.BaseClass -->
