<?xml version="1.0" encoding="UTF-8"?>
<!-- Generated by org.testng.reporters.JUnitReportReporter -->
<testsuite hostname="DESKTOP-QSD88I6" failures="0" tests="1" name="testCases.TC_003_LoginDataDrivenTest" time="0.000" errors="0" timestamp="2023-12-12T11:34:34 IST" skipped="1">
  <testcase classname="testCases.TC_003_LoginDataDrivenTest" name="test_LoginDDT" time="0.000">
    <skipped/>
  </testcase> <!-- test_LoginDDT -->
  <system-out/>
</testsuite> <!-- testCases.TC_003_LoginDataDrivenTest -->
