<?xml version="1.0" encoding="UTF-8"?>
<!-- Generated by org.testng.reporters.JUnitReportReporter -->
<testsuite hostname="DESKTOP-QSD88I6" failures="0" tests="1" name="testCases.TC_001_AccountRegistrationtTest" time="5.408" errors="0" timestamp="2023-12-15T06:43:39 IST" skipped="0">
  <testcase classname="testCases.TC_001_AccountRegistrationtTest" name="test_account_Registration" time="5.408"/>
</testsuite> <!-- testCases.TC_001_AccountRegistrationtTest -->
